  Main.c
D:\GitRepository\StudyC-Cpp\C언어_기초\Ch4.연산자\Main.c(5,6): warning C4013: 'sub0'이(가) 정의되지 않았습니다. extern은 int형을 반환하는 것으로 간주합니다.
D:\GitRepository\StudyC-Cpp\C언어_기초\Ch4.연산자\Main.c(6,6): warning C4013: 'sub1'이(가) 정의되지 않았습니다. extern은 int형을 반환하는 것으로 간주합니다.
D:\GitRepository\StudyC-Cpp\C언어_기초\Ch4.연산자\Main.c(7,6): warning C4013: 'sub2'이(가) 정의되지 않았습니다. extern은 int형을 반환하는 것으로 간주합니다.
D:\GitRepository\StudyC-Cpp\C언어_기초\Ch4.연산자\Main.c(8,6): warning C4013: 'sub3'이(가) 정의되지 않았습니다. extern은 int형을 반환하는 것으로 간주합니다.
D:\GitRepository\StudyC-Cpp\C언어_기초\Ch4.연산자\Main.c(9,6): warning C4013: 'sub4'이(가) 정의되지 않았습니다. extern은 int형을 반환하는 것으로 간주합니다.
D:\GitRepository\StudyC-Cpp\C언어_기초\Ch4.연산자\Main.c(10,6): warning C4013: 'sub5'이(가) 정의되지 않았습니다. extern은 int형을 반환하는 것으로 간주합니다.
D:\GitRepository\StudyC-Cpp\C언어_기초\Ch4.연산자\Main.c(11,6): warning C4013: 'sub6'이(가) 정의되지 않았습니다. extern은 int형을 반환하는 것으로 간주합니다.
D:\GitRepository\StudyC-Cpp\C언어_기초\Ch4.연산자\Main.c(12,6): warning C4013: 'sub7'이(가) 정의되지 않았습니다. extern은 int형을 반환하는 것으로 간주합니다.
D:\GitRepository\StudyC-Cpp\C언어_기초\Ch4.연산자\Main.c(13,6): warning C4013: 'sub8'이(가) 정의되지 않았습니다. extern은 int형을 반환하는 것으로 간주합니다.
D:\GitRepository\StudyC-Cpp\C언어_기초\Ch4.연산자\Main.c(14,6): warning C4013: 'sub9'이(가) 정의되지 않았습니다. extern은 int형을 반환하는 것으로 간주합니다.
D:\GitRepository\StudyC-Cpp\C언어_기초\Ch4.연산자\Main.c(15,7): warning C4013: 'sub10'이(가) 정의되지 않았습니다. extern은 int형을 반환하는 것으로 간주합니다.
  Sizeof연산자.c
D:\GitRepository\StudyC-Cpp\C언어_기초\Ch4.연산자\Sizeof연산자.c(11,9): warning C4477: 'printf' : 서식 문자열 '%d'에 'int' 형식의 인수가 필요하지만 variadic 인수 1의 형식이 'size_t'입니다.
D:\GitRepository\StudyC-Cpp\C언어_기초\Ch4.연산자\Sizeof연산자.c(11,9): message : 서식 문자열에서 '%zd'을(를) 사용하는 것이 좋습니다.
D:\GitRepository\StudyC-Cpp\C언어_기초\Ch4.연산자\Sizeof연산자.c(12,9): warning C4477: 'printf' : 서식 문자열 '%d'에 'int' 형식의 인수가 필요하지만 variadic 인수 1의 형식이 'size_t'입니다.
D:\GitRepository\StudyC-Cpp\C언어_기초\Ch4.연산자\Sizeof연산자.c(12,9): message : 서식 문자열에서 '%zd'을(를) 사용하는 것이 좋습니다.
D:\GitRepository\StudyC-Cpp\C언어_기초\Ch4.연산자\Sizeof연산자.c(13,9): warning C4477: 'printf' : 서식 문자열 '%d'에 'int' 형식의 인수가 필요하지만 variadic 인수 1의 형식이 'size_t'입니다.
D:\GitRepository\StudyC-Cpp\C언어_기초\Ch4.연산자\Sizeof연산자.c(13,9): message : 서식 문자열에서 '%zd'을(를) 사용하는 것이 좋습니다.
D:\GitRepository\StudyC-Cpp\C언어_기초\Ch4.연산자\Sizeof연산자.c(14,9): warning C4477: 'printf' : 서식 문자열 '%d'에 'int' 형식의 인수가 필요하지만 variadic 인수 1의 형식이 'size_t'입니다.
D:\GitRepository\StudyC-Cpp\C언어_기초\Ch4.연산자\Sizeof연산자.c(14,9): message : 서식 문자열에서 '%zd'을(를) 사용하는 것이 좋습니다.
D:\GitRepository\StudyC-Cpp\C언어_기초\Ch4.연산자\Sizeof연산자.c(15,9): warning C4477: 'printf' : 서식 문자열 '%d'에 'int' 형식의 인수가 필요하지만 variadic 인수 1의 형식이 'size_t'입니다.
D:\GitRepository\StudyC-Cpp\C언어_기초\Ch4.연산자\Sizeof연산자.c(15,9): message : 서식 문자열에서 '%zd'을(를) 사용하는 것이 좋습니다.
  논리연산자.c
  복합대입연산자.c
  비트연산자.c
  산술연산자.c
D:\GitRepository\StudyC-Cpp\C언어_기초\Ch4.연산자\산술연산자.c(18,4): warning C4552: '+': 식의 결과가 사용되지 않습니다.
D:\GitRepository\StudyC-Cpp\C언어_기초\Ch4.연산자\산술연산자.c(26,9): warning C4101: 'peach' :참조되지 않은 지역 변수입니다.
  관계연산자.c
  연산자우선순위.c
  조건연산자.c
  증감연산자.c
  콤마연산자.c
  형변환연산자.c
  코드를 생성하고 있습니다...
  Ch4.연산자.vcxproj -> D:\GitRepository\StudyC-Cpp\C언어_기초\x64\Debug\Ch4.연산자.exe
